Exception in thread "Thread-2929" java.lang.ArrayIndexOutOfBoundsException
	at java.lang.System.arraycopy(java.base@9-internal/Native Method)
	at scala.collection.mutable.ResizableArray$class.ensureSize(ResizableArray.scala:104)
	at scala.collection.mutable.ArrayBuffer.ensureSize(ArrayBuffer.scala:48)
	at scala.collection.mutable.ArrayBuffer.$plus$eq(ArrayBuffer.scala:84)
	at modbat.util.CloneableRandom.nextIntR(CloneableRandom.scala:130)
	at modbat.util.Random$class.choose(Random.scala:37)
	at modbat.util.CloneableRandom.choose(CloneableRandom.scala:87)
	at modbat.mbt.MBT$.choose(MBT.scala:321)
	at modbat.dsl.Model$class.choose(Model.scala:44)
	at House$Thermometer.choose(House.scala:245)
	at House$Thermometer$Instance.getTemperature(House.scala:295)
	at House$Thermometer$Instance.publish(House.scala:306)
	at House$Thermometer$publisher$$anonfun$run$4.apply(House.scala:276)
	at House$Thermometer$publisher$$anonfun$run$4.apply(House.scala:276)
	at scala.collection.IndexedSeqOptimized$class.foreach(IndexedSeqOptimized.scala:33)
	at scala.collection.mutable.ArrayOps$ofRef.foreach(ArrayOps.scala:186)
	at House$Thermometer$publisher$.run(House.scala:276)
Exception in thread "Thread-2959" java.lang.ArrayIndexOutOfBoundsException: 1
	at scala.collection.mutable.ArrayBuffer.$plus$eq(ArrayBuffer.scala:85)
	at modbat.util.CloneableRandom.nextIntR(CloneableRandom.scala:130)
	at modbat.util.Random$class.choose(Random.scala:37)
	at modbat.util.CloneableRandom.choose(CloneableRandom.scala:87)
	at modbat.mbt.MBT$.choose(MBT.scala:321)
	at modbat.dsl.Model$class.choose(Model.scala:44)
	at House$Thermometer.choose(House.scala:245)
	at House$Thermometer$Instance.getTemperature(House.scala:295)
	at House$Thermometer$Instance.publish(House.scala:306)
	at House$Thermometer$publisher$$anonfun$run$4.apply(House.scala:276)
	at House$Thermometer$publisher$$anonfun$run$4.apply(House.scala:276)
	at scala.collection.IndexedSeqOptimized$class.foreach(IndexedSeqOptimized.scala:33)
	at scala.collection.mutable.ArrayOps$ofRef.foreach(ArrayOps.scala:186)
	at House$Thermometer$publisher$.run(House.scala:276)
