Exception in thread "Thread-11886" java.lang.ArrayIndexOutOfBoundsException
	at scala.collection.mutable.ResizableArray$class.ensureSize(ResizableArray.scala:104)
	at scala.collection.mutable.ArrayBuffer.ensureSize(ArrayBuffer.scala:48)
	at scala.collection.mutable.ArrayBuffer.$plus$eq(ArrayBuffer.scala:84)
	at modbat.util.CloneableRandom.choose(CloneableRandom.scala:88)
	at modbat.mbt.MBT$.choose(MBT.scala:321)
	at modbat.dsl.Model$class.choose(Model.scala:44)
	at House$Thermometer.choose(House.scala:245)
	at House$Thermometer$Instance.getTemperature(House.scala:295)
	at House$Thermometer$Instance.publish(House.scala:306)
	at House$Thermometer$publisher$$anonfun$run$4.apply(House.scala:276)
	at House$Thermometer$publisher$$anonfun$run$4.apply(House.scala:276)
	at scala.collection.IndexedSeqOptimized$class.foreach(IndexedSeqOptimized.scala:33)
	at scala.collection.mutable.ArrayOps$ofRef.foreach(ArrayOps.scala:186)
	at House$Thermometer$publisher$.run(House.scala:276)
Exception in thread "Thread-11863" java.lang.ArrayIndexOutOfBoundsException
	at scala.collection.mutable.ResizableArray$class.ensureSize(ResizableArray.scala:104)
	at scala.collection.mutable.ArrayBuffer.ensureSize(ArrayBuffer.scala:48)
	at scala.collection.mutable.ArrayBuffer.$plus$eq(ArrayBuffer.scala:84)
	at modbat.util.CloneableRandom.choose(CloneableRandom.scala:88)
	at modbat.mbt.MBT$.choose(MBT.scala:321)
	at modbat.dsl.Model$class.choose(Model.scala:44)
	at House$Thermometer.choose(House.scala:245)
	at House$Thermometer$Instance.getTemperature(House.scala:295)
	at House$Thermometer$Instance.publish(House.scala:306)
	at House$Thermometer$publisher$$anonfun$run$4.apply(House.scala:276)
	at House$Thermometer$publisher$$anonfun$run$4.apply(House.scala:276)
	at scala.collection.IndexedSeqOptimized$class.foreach(IndexedSeqOptimized.scala:33)
	at scala.collection.mutable.ArrayOps$ofRef.foreach(ArrayOps.scala:186)
	at House$Thermometer$publisher$.run(House.scala:276)
Exception in thread "Thread-11857" java.lang.ArrayIndexOutOfBoundsException
	at scala.collection.mutable.ResizableArray$class.ensureSize(ResizableArray.scala:104)
	at scala.collection.mutable.ArrayBuffer.ensureSize(ArrayBuffer.scala:48)
	at scala.collection.mutable.ArrayBuffer.$plus$eq(ArrayBuffer.scala:84)
	at modbat.util.CloneableRandom.choose(CloneableRandom.scala:88)
	at modbat.mbt.MBT$.choose(MBT.scala:321)
	at modbat.dsl.Model$class.choose(Model.scala:44)
	at House$Thermometer.choose(House.scala:245)
	at House$Thermometer$Instance.getTemperature(House.scala:295)
	at House$Thermometer$Instance.publish(House.scala:306)
	at House$Thermometer$publisher$$anonfun$run$4.apply(House.scala:276)
	at House$Thermometer$publisher$$anonfun$run$4.apply(House.scala:276)
	at scala.collection.IndexedSeqOptimized$class.foreach(IndexedSeqOptimized.scala:33)
	at scala.collection.mutable.ArrayOps$ofRef.foreach(ArrayOps.scala:186)
	at House$Thermometer$publisher$.run(House.scala:276)
Exception in thread "Thread-11860" java.lang.ArrayIndexOutOfBoundsException
	at scala.collection.mutable.ResizableArray$class.ensureSize(ResizableArray.scala:104)
	at scala.collection.mutable.ArrayBuffer.ensureSize(ArrayBuffer.scala:48)
	at scala.collection.mutable.ArrayBuffer.$plus$eq(ArrayBuffer.scala:84)
	at modbat.util.CloneableRandom.choose(CloneableRandom.scala:88)
	at modbat.mbt.MBT$.choose(MBT.scala:321)
	at modbat.dsl.Model$class.choose(Model.scala:44)
	at House$Thermometer.choose(House.scala:245)
	at House$Thermometer$Instance.getTemperature(House.scala:295)
	at House$Thermometer$Instance.publish(House.scala:306)
	at House$Thermometer$publisher$$anonfun$run$4.apply(House.scala:276)
	at House$Thermometer$publisher$$anonfun$run$4.apply(House.scala:276)
	at scala.collection.IndexedSeqOptimized$class.foreach(IndexedSeqOptimized.scala:33)
	at scala.collection.mutable.ArrayOps$ofRef.foreach(ArrayOps.scala:186)
	at House$Thermometer$publisher$.run(House.scala:276)
Exception in thread "Thread-11889" java.lang.ArrayIndexOutOfBoundsException
	at scala.collection.mutable.ResizableArray$class.ensureSize(ResizableArray.scala:104)
	at scala.collection.mutable.ArrayBuffer.ensureSize(ArrayBuffer.scala:48)
	at scala.collection.mutable.ArrayBuffer.$plus$eq(ArrayBuffer.scala:84)
	at modbat.util.CloneableRandom.choose(CloneableRandom.scala:88)
	at modbat.mbt.MBT$.choose(MBT.scala:321)
	at modbat.dsl.Model$class.choose(Model.scala:44)
	at House$Thermometer.choose(House.scala:245)
	at House$Thermometer$Instance.getTemperature(House.scala:295)
	at House$Thermometer$Instance.publish(House.scala:306)
	at House$Thermometer$publisher$$anonfun$run$4.apply(House.scala:276)
	at House$Thermometer$publisher$$anonfun$run$4.apply(House.scala:276)
	at scala.collection.IndexedSeqOptimized$class.foreach(IndexedSeqOptimized.scala:33)
	at scala.collection.mutable.ArrayOps$ofRef.foreach(ArrayOps.scala:186)
	at House$Thermometer$publisher$.run(House.scala:276)
Exception in thread "Thread-11894" java.lang.ArrayIndexOutOfBoundsException
	at scala.collection.mutable.ResizableArray$class.ensureSize(ResizableArray.scala:104)
	at scala.collection.mutable.ArrayBuffer.ensureSize(ArrayBuffer.scala:48)
	at scala.collection.mutable.ArrayBuffer.$plus$eq(ArrayBuffer.scala:84)
	at modbat.util.CloneableRandom.choose(CloneableRandom.scala:88)
	at modbat.mbt.MBT$.choose(MBT.scala:321)
	at modbat.dsl.Model$class.choose(Model.scala:44)
	at House$Thermometer.choose(House.scala:245)
	at House$Thermometer$Instance.getTemperature(House.scala:295)
	at House$Thermometer$Instance.publish(House.scala:306)
	at House$Thermometer$publisher$$anonfun$run$4.apply(House.scala:276)
	at House$Thermometer$publisher$$anonfun$run$4.apply(House.scala:276)
	at scala.collection.IndexedSeqOptimized$class.foreach(IndexedSeqOptimized.scala:33)
	at scala.collection.mutable.ArrayOps$ofRef.foreach(ArrayOps.scala:186)
	at House$Thermometer$publisher$.run(House.scala:276)
Exception in thread "Thread-11846" java.lang.ArrayIndexOutOfBoundsException
	at scala.collection.mutable.ResizableArray$class.ensureSize(ResizableArray.scala:104)
	at scala.collection.mutable.ArrayBuffer.ensureSize(ArrayBuffer.scala:48)
	at scala.collection.mutable.ArrayBuffer.$plus$eq(ArrayBuffer.scala:84)
	at modbat.util.CloneableRandom.choose(CloneableRandom.scala:88)
	at modbat.mbt.MBT$.choose(MBT.scala:321)
	at modbat.dsl.Model$class.choose(Model.scala:44)
	at House$Thermometer.choose(House.scala:245)
	at House$Thermometer$Instance.getTemperature(House.scala:295)
	at House$Thermometer$Instance.publish(House.scala:306)
	at House$Thermometer$publisher$$anonfun$run$4.apply(House.scala:276)
	at House$Thermometer$publisher$$anonfun$run$4.apply(House.scala:276)
	at scala.collection.IndexedSeqOptimized$class.foreach(IndexedSeqOptimized.scala:33)
	at scala.collection.mutable.ArrayOps$ofRef.foreach(ArrayOps.scala:186)
	at House$Thermometer$publisher$.run(House.scala:276)
Exception in thread "Thread-11874" java.lang.ArrayIndexOutOfBoundsException
	at scala.collection.mutable.ResizableArray$class.ensureSize(ResizableArray.scala:104)
	at scala.collection.mutable.ArrayBuffer.ensureSize(ArrayBuffer.scala:48)
	at scala.collection.mutable.ArrayBuffer.$plus$eq(ArrayBuffer.scala:84)
	at modbat.util.CloneableRandom.choose(CloneableRandom.scala:88)
	at modbat.mbt.MBT$.choose(MBT.scala:321)
	at modbat.dsl.Model$class.choose(Model.scala:44)
	at House$Thermometer.choose(House.scala:245)
	at House$Thermometer$Instance.getTemperature(House.scala:295)
	at House$Thermometer$Instance.publish(House.scala:306)
	at House$Thermometer$publisher$$anonfun$run$4.apply(House.scala:276)
	at House$Thermometer$publisher$$anonfun$run$4.apply(House.scala:276)
	at scala.collection.IndexedSeqOptimized$class.foreach(IndexedSeqOptimized.scala:33)
	at scala.collection.mutable.ArrayOps$ofRef.foreach(ArrayOps.scala:186)
	at House$Thermometer$publisher$.run(House.scala:276)
Exception in thread "Thread-11869" java.lang.ArrayIndexOutOfBoundsException: 9
	at scala.collection.mutable.ArrayBuffer.$plus$eq(ArrayBuffer.scala:85)
	at modbat.util.CloneableRandom.choose(CloneableRandom.scala:88)
	at modbat.mbt.MBT$.choose(MBT.scala:321)
	at modbat.dsl.Model$class.choose(Model.scala:44)
	at House$Thermometer.choose(House.scala:245)
	at House$Thermometer$Instance.getTemperature(House.scala:295)
	at House$Thermometer$Instance.publish(House.scala:306)
	at House$Thermometer$publisher$$anonfun$run$4.apply(House.scala:276)
	at House$Thermometer$publisher$$anonfun$run$4.apply(House.scala:276)
	at scala.collection.IndexedSeqOptimized$class.foreach(IndexedSeqOptimized.scala:33)
	at scala.collection.mutable.ArrayOps$ofRef.foreach(ArrayOps.scala:186)
	at House$Thermometer$publisher$.run(House.scala:276)
java.lang.ArrayIndexOutOfBoundsException: 8
	at scala.runtime.ScalaRunTime$.array_apply(ScalaRunTime.scala:73)
	at scala.Array$.slowcopy(Array.scala:81)
	at scala.Array$.copy(Array.scala:107)
	at scala.collection.mutable.ResizableArray$class.copyToArray(ResizableArray.scala:77)
	at scala.collection.mutable.ArrayBuffer.copyToArray(ArrayBuffer.scala:48)
	at scala.collection.TraversableOnce$class.copyToArray(TraversableOnce.scala:278)
	at scala.collection.AbstractTraversable.copyToArray(Traversable.scala:104)
	at scala.collection.TraversableOnce$class.toArray(TraversableOnce.scala:286)
	at scala.collection.AbstractTraversable.toArray(Traversable.scala:104)
	at modbat.util.CloneableRandom.clone(CloneableRandom.scala:60)
	at modbat.mbt.Modbat$.exploreSuccessors(Modbat.scala:436)
	at modbat.mbt.Modbat$.exploreModel(Modbat.scala:298)
	at modbat.mbt.Modbat$$anonfun$runTests$1.apply$mcVI$sp(Modbat.scala:263)
	at scala.collection.immutable.Range.foreach$mVc$sp(Range.scala:160)
	at modbat.mbt.Modbat$.runTests(Modbat.scala:230)
	at modbat.mbt.Modbat$.explore(Modbat.scala:214)
	at modbat.mbt.Main$.main(Main.scala:41)
	at modbat.mbt.Main.main(Main.scala)
	at sun.reflect.NativeMethodAccessorImpl.invoke0(java.base@9-internal/Native Method)
	at sun.reflect.NativeMethodAccessorImpl.invoke(java.base@9-internal/NativeMethodAccessorImpl.java:62)
	at sun.reflect.DelegatingMethodAccessorImpl.invoke(java.base@9-internal/DelegatingMethodAccessorImpl.java:43)
	at java.lang.reflect.Method.invoke(java.base@9-internal/Method.java:531)
	at scala.reflect.internal.util.ScalaClassLoader$$anonfun$run$1.apply(ScalaClassLoader.scala:70)
	at scala.reflect.internal.util.ScalaClassLoader$class.asContext(ScalaClassLoader.scala:31)
	at scala.reflect.internal.util.ScalaClassLoader$URLClassLoader.asContext(ScalaClassLoader.scala:101)
	at scala.reflect.internal.util.ScalaClassLoader$class.run(ScalaClassLoader.scala:70)
	at scala.reflect.internal.util.ScalaClassLoader$URLClassLoader.run(ScalaClassLoader.scala:101)
	at scala.tools.nsc.CommonRunner$class.run(ObjectRunner.scala:22)
	at scala.tools.nsc.JarRunner$.run(MainGenericRunner.scala:13)
	at scala.tools.nsc.CommonRunner$class.runAndCatch(ObjectRunner.scala:29)
	at scala.tools.nsc.JarRunner$.runJar(MainGenericRunner.scala:25)
	at scala.tools.nsc.MainGenericRunner.runTarget$1(MainGenericRunner.scala:69)
	at scala.tools.nsc.MainGenericRunner.run$1(MainGenericRunner.scala:87)
	at scala.tools.nsc.MainGenericRunner.process(MainGenericRunner.scala:98)
	at scala.tools.nsc.MainGenericRunner$.main(MainGenericRunner.scala:103)
	at scala.tools.nsc.MainGenericRunner.main(MainGenericRunner.scala)
Exception in thread "Thread-11903" java.lang.ArrayIndexOutOfBoundsException
	at scala.collection.mutable.ResizableArray$class.ensureSize(ResizableArray.scala:104)
	at scala.collection.mutable.ArrayBuffer.ensureSize(ArrayBuffer.scala:48)
	at scala.collection.mutable.ArrayBuffer.$plus$eq(ArrayBuffer.scala:84)
	at modbat.util.CloneableRandom.choose(CloneableRandom.scala:88)
	at modbat.mbt.MBT$.choose(MBT.scala:321)
	at modbat.dsl.Model$class.choose(Model.scala:44)
	at House$Thermometer.choose(House.scala:245)
	at House$Thermometer$Instance.getTemperature(House.scala:295)
	at House$Thermometer$Instance.publish(House.scala:306)
	at House$Thermometer$publisher$$anonfun$run$4.apply(House.scala:276)
	at House$Thermometer$publisher$$anonfun$run$4.apply(House.scala:276)
	at scala.collection.IndexedSeqOptimized$class.foreach(IndexedSeqOptimized.scala:33)
	at scala.collection.mutable.ArrayOps$ofRef.foreach(ArrayOps.scala:186)
	at House$Thermometer$publisher$.run(House.scala:276)
Exception in thread "Thread-11829" java.lang.ArrayIndexOutOfBoundsException
	at scala.collection.mutable.ResizableArray$class.ensureSize(ResizableArray.scala:104)
	at scala.collection.mutable.ArrayBuffer.ensureSize(ArrayBuffer.scala:48)
	at scala.collection.mutable.ArrayBuffer.$plus$eq(ArrayBuffer.scala:84)
	at modbat.util.CloneableRandom.choose(CloneableRandom.scala:88)
	at modbat.mbt.MBT$.choose(MBT.scala:321)
	at modbat.dsl.Model$class.choose(Model.scala:44)
	at House$Thermometer.choose(House.scala:245)
	at House$Thermometer$Instance.getTemperature(House.scala:295)
	at House$Thermometer$Instance.publish(House.scala:306)
	at House$Thermometer$publisher$$anonfun$run$4.apply(House.scala:276)
	at House$Thermometer$publisher$$anonfun$run$4.apply(House.scala:276)
	at scala.collection.IndexedSeqOptimized$class.foreach(IndexedSeqOptimized.scala:33)
	at scala.collection.mutable.ArrayOps$ofRef.foreach(ArrayOps.scala:186)
	at House$Thermometer$publisher$.run(House.scala:276)
Exception in thread "Thread-11881" java.lang.ArrayIndexOutOfBoundsException
	at scala.collection.mutable.ResizableArray$class.ensureSize(ResizableArray.scala:104)
	at scala.collection.mutable.ArrayBuffer.ensureSize(ArrayBuffer.scala:48)
	at scala.collection.mutable.ArrayBuffer.$plus$eq(ArrayBuffer.scala:84)
	at modbat.util.CloneableRandom.choose(CloneableRandom.scala:88)
	at modbat.mbt.MBT$.choose(MBT.scala:321)
	at modbat.dsl.Model$class.choose(Model.scala:44)
	at House$Thermometer.choose(House.scala:245)
	at House$Thermometer$Instance.getTemperature(House.scala:295)
	at House$Thermometer$Instance.publish(House.scala:306)
	at House$Thermometer$publisher$$anonfun$run$4.apply(House.scala:276)
	at House$Thermometer$publisher$$anonfun$run$4.apply(House.scala:276)
	at scala.collection.IndexedSeqOptimized$class.foreach(IndexedSeqOptimized.scala:33)
	at scala.collection.mutable.ArrayOps$ofRef.foreach(ArrayOps.scala:186)
	at House$Thermometer$publisher$.run(House.scala:276)
Exception in thread "Thread-11843" java.lang.ArrayIndexOutOfBoundsException
	at scala.collection.mutable.ResizableArray$class.ensureSize(ResizableArray.scala:104)
	at scala.collection.mutable.ArrayBuffer.ensureSize(ArrayBuffer.scala:48)
	at scala.collection.mutable.ArrayBuffer.$plus$eq(ArrayBuffer.scala:84)
	at modbat.util.CloneableRandom.choose(CloneableRandom.scala:88)
	at modbat.mbt.MBT$.choose(MBT.scala:321)
	at modbat.dsl.Model$class.choose(Model.scala:44)
	at House$Thermometer.choose(House.scala:245)
	at House$Thermometer$Instance.getTemperature(House.scala:295)
	at House$Thermometer$Instance.publish(House.scala:306)
	at House$Thermometer$publisher$$anonfun$run$4.apply(House.scala:276)
	at House$Thermometer$publisher$$anonfun$run$4.apply(House.scala:276)
	at scala.collection.IndexedSeqOptimized$class.foreach(IndexedSeqOptimized.scala:33)
	at scala.collection.mutable.ArrayOps$ofRef.foreach(ArrayOps.scala:186)
	at House$Thermometer$publisher$.run(House.scala:276)
Exception in thread "Thread-11832" java.lang.ArrayIndexOutOfBoundsException
	at scala.collection.mutable.ResizableArray$class.ensureSize(ResizableArray.scala:104)
	at scala.collection.mutable.ArrayBuffer.ensureSize(ArrayBuffer.scala:48)
	at scala.collection.mutable.ArrayBuffer.$plus$eq(ArrayBuffer.scala:84)
	at modbat.util.CloneableRandom.choose(CloneableRandom.scala:88)
	at modbat.mbt.MBT$.choose(MBT.scala:321)
	at modbat.dsl.Model$class.choose(Model.scala:44)
	at House$Thermometer.choose(House.scala:245)
	at House$Thermometer$Instance.getTemperature(House.scala:295)
	at House$Thermometer$Instance.publish(House.scala:306)
	at House$Thermometer$publisher$$anonfun$run$4.apply(House.scala:276)
	at House$Thermometer$publisher$$anonfun$run$4.apply(House.scala:276)
	at scala.collection.IndexedSeqOptimized$class.foreach(IndexedSeqOptimized.scala:33)
	at scala.collection.mutable.ArrayOps$ofRef.foreach(ArrayOps.scala:186)
	at House$Thermometer$publisher$.run(House.scala:276)
Exception in thread "Thread-11838" Exception in thread "Thread-11826" java.lang.ArrayIndexOutOfBoundsException
	at scala.collection.mutable.ResizableArray$class.ensureSize(ResizableArray.scala:104)
	at scala.collection.mutable.ArrayBuffer.ensureSize(ArrayBuffer.scala:48)
	at scala.collection.mutable.ArrayBuffer.$plus$eq(ArrayBuffer.scala:84)
	at modbat.util.CloneableRandom.choose(CloneableRandom.scala:88)
	at modbat.mbt.MBT$.choose(MBT.scala:321)
	at modbat.dsl.Model$class.choose(Model.scala:44)
	at House$Thermometer.choose(House.scala:245)
	at House$Thermometer$Instance.getTemperature(House.scala:295)
	at House$Thermometer$Instance.publish(House.scala:306)
	at House$Thermometer$publisher$$anonfun$run$4.apply(House.scala:276)
	at House$Thermometer$publisher$$anonfun$run$4.apply(House.scala:276)
	at scala.collection.IndexedSeqOptimized$class.foreach(IndexedSeqOptimized.scala:33)
	at scala.collection.mutable.ArrayOps$ofRef.foreach(ArrayOps.scala:186)
	at House$Thermometer$publisher$.run(House.scala:276)
java.lang.ArrayIndexOutOfBoundsException
	at scala.collection.mutable.ResizableArray$class.ensureSize(ResizableArray.scala:104)
	at scala.collection.mutable.ArrayBuffer.ensureSize(ArrayBuffer.scala:48)
	at scala.collection.mutable.ArrayBuffer.$plus$eq(ArrayBuffer.scala:84)
	at modbat.util.CloneableRandom.choose(CloneableRandom.scala:88)
	at modbat.mbt.MBT$.choose(MBT.scala:321)
	at modbat.dsl.Model$class.choose(Model.scala:44)
	at House$Thermometer.choose(House.scala:245)
	at House$Thermometer$Instance.getTemperature(House.scala:295)
	at House$Thermometer$Instance.publish(House.scala:306)
	at House$Thermometer$publisher$$anonfun$run$4.apply(House.scala:276)
	at House$Thermometer$publisher$$anonfun$run$4.apply(House.scala:276)
	at scala.collection.IndexedSeqOptimized$class.foreach(IndexedSeqOptimized.scala:33)
	at scala.collection.mutable.ArrayOps$ofRef.foreach(ArrayOps.scala:186)
	at House$Thermometer$publisher$.run(House.scala:276)
